<?xml version="1.0" encoding="UTF-8"?>
<!-- Generated by org.testng.reporters.JUnitXMLReporter -->
<testsuite hostname="DESKTOP-R5MF0VM" ignored="0" name="Default test" tests="3" failures="0" timestamp="31 May 2018 00:02:43 GMT" time="48.736" errors="0">
  <testcase name="loginPageTiteTest" time="0.054" classname="com.crm.qa.testcases.LoginPageTest"/>
  <testcase name="crmImgTest" time="0.084" classname="com.crm.qa.testcases.LoginPageTest"/>
  <testcase name="loginTest" time="10.834" classname="com.crm.qa.testcases.LoginPageTest"/>
</testsuite> <!-- Default test -->
