<?xml version="1.0" encoding="UTF-8"?>
<testng-results skipped="0" failed="0" ignored="0" total="3" passed="3">
  <reporter-output>
  </reporter-output>
  <suite name="Default suite" duration-ms="48736" started-at="2018-05-31T00:01:54Z" finished-at="2018-05-31T00:02:43Z">
    <groups>
    </groups>
    <test name="Default test" duration-ms="48736" started-at="2018-05-31T00:01:54Z" finished-at="2018-05-31T00:02:43Z">
      <class name="com.crm.qa.testcases.LoginPageTest">
        <test-method status="PASS" signature="setUp()[pri:0, instance:com.crm.qa.testcases.LoginPageTest@1794d431]" name="setUp" is-config="true" duration-ms="13234" started-at="2018-05-31T00:01:54Z" finished-at="2018-05-31T00:02:07Z">
          <reporter-output>
          </reporter-output>
        </test-method> <!-- setUp -->
        <test-method status="PASS" signature="loginPageTiteTest()[pri:1, instance:com.crm.qa.testcases.LoginPageTest@1794d431]" name="loginPageTiteTest" duration-ms="54" started-at="2018-05-31T00:02:07Z" finished-at="2018-05-31T00:02:08Z">
          <reporter-output>
          </reporter-output>
        </test-method> <!-- loginPageTiteTest -->
        <test-method status="PASS" signature="tearDown()[pri:0, instance:com.crm.qa.testcases.LoginPageTest@1794d431]" name="tearDown" is-config="true" duration-ms="803" started-at="2018-05-31T00:02:08Z" finished-at="2018-05-31T00:02:08Z">
          <reporter-output>
          </reporter-output>
        </test-method> <!-- tearDown -->
        <test-method status="PASS" signature="setUp()[pri:0, instance:com.crm.qa.testcases.LoginPageTest@1794d431]" name="setUp" is-config="true" duration-ms="11105" started-at="2018-05-31T00:02:08Z" finished-at="2018-05-31T00:02:19Z">
          <reporter-output>
          </reporter-output>
        </test-method> <!-- setUp -->
        <test-method status="PASS" signature="crmImgTest()[pri:2, instance:com.crm.qa.testcases.LoginPageTest@1794d431]" name="crmImgTest" duration-ms="84" started-at="2018-05-31T00:02:19Z" finished-at="2018-05-31T00:02:20Z">
          <reporter-output>
          </reporter-output>
        </test-method> <!-- crmImgTest -->
        <test-method status="PASS" signature="tearDown()[pri:0, instance:com.crm.qa.testcases.LoginPageTest@1794d431]" name="tearDown" is-config="true" duration-ms="832" started-at="2018-05-31T00:02:20Z" finished-at="2018-05-31T00:02:20Z">
          <reporter-output>
          </reporter-output>
        </test-method> <!-- tearDown -->
        <test-method status="PASS" signature="setUp()[pri:0, instance:com.crm.qa.testcases.LoginPageTest@1794d431]" name="setUp" is-config="true" duration-ms="10834" started-at="2018-05-31T00:02:20Z" finished-at="2018-05-31T00:02:31Z">
          <reporter-output>
          </reporter-output>
        </test-method> <!-- setUp -->
        <test-method status="PASS" signature="loginTest()[pri:3, instance:com.crm.qa.testcases.LoginPageTest@1794d431]" name="loginTest" duration-ms="10834" started-at="2018-05-31T00:02:31Z" finished-at="2018-05-31T00:02:42Z">
          <reporter-output>
          </reporter-output>
        </test-method> <!-- loginTest -->
        <test-method status="PASS" signature="tearDown()[pri:0, instance:com.crm.qa.testcases.LoginPageTest@1794d431]" name="tearDown" is-config="true" duration-ms="843" started-at="2018-05-31T00:02:42Z" finished-at="2018-05-31T00:02:43Z">
          <reporter-output>
          </reporter-output>
        </test-method> <!-- tearDown -->
      </class> <!-- com.crm.qa.testcases.LoginPageTest -->
    </test> <!-- Default test -->
  </suite> <!-- Default suite -->
</testng-results>
